<?xml version="1.0" encoding="UTF-8"?>
<testsuite xmlns:xsi="http://www.w3.org/2001/XMLSchema-instance" xsi:noNamespaceSchemaLocation="https://maven.apache.org/surefire/maven-surefire-plugin/xsd/surefire-test-report-3.0.xsd" version="3.0" name="pl.polsl.integration.model.IntegrationModelTest" time="0.613" tests="31" errors="0" skipped="0" failures="1">
  <properties>
    <property name="java.specification.version" value="23"/>
    <property name="sun.cpu.isalist" value="amd64"/>
    <property name="sun.jnu.encoding" value="Cp1252"/>
    <property name="java.class.path" value="C:\NetBeansProjects\Integration\target\test-classes;C:\NetBeansProjects\Integration\target\classes;C:\Users\nimo\.m2\repository\org\projectlombok\lombok\1.18.36\lombok-1.18.36.jar;C:\Users\nimo\.m2\repository\org\junit\jupiter\junit-jupiter-api\5.10.2\junit-jupiter-api-5.10.2.jar;C:\Users\nimo\.m2\repository\org\opentest4j\opentest4j\1.3.0\opentest4j-1.3.0.jar;C:\Users\nimo\.m2\repository\org\junit\platform\junit-platform-commons\1.10.2\junit-platform-commons-1.10.2.jar;C:\Users\nimo\.m2\repository\org\apiguardian\apiguardian-api\1.1.2\apiguardian-api-1.1.2.jar;C:\Users\nimo\.m2\repository\org\junit\jupiter\junit-jupiter-params\5.10.2\junit-jupiter-params-5.10.2.jar;C:\Users\nimo\.m2\repository\org\junit\jupiter\junit-jupiter-engine\5.10.2\junit-jupiter-engine-5.10.2.jar;C:\Users\nimo\.m2\repository\org\junit\platform\junit-platform-engine\1.10.2\junit-platform-engine-1.10.2.jar;"/>
    <property name="java.vm.vendor" value="Oracle Corporation"/>
    <property name="sun.arch.data.model" value="64"/>
    <property name="user.variant" value=""/>
    <property name="java.vendor.url" value="https://java.oracle.com/"/>
    <property name="user.timezone" value="Europe/Warsaw"/>
    <property name="os.name" value="Windows 11"/>
    <property name="java.vm.specification.version" value="23"/>
    <property name="user.country" value="US"/>
    <property name="sun.java.launcher" value="SUN_STANDARD"/>
    <property name="sun.boot.library.path" value="C:\Program Files\Java\jdk-23\bin"/>
    <property name="sun.java.command" value="C:\Users\nimo\AppData\Local\Temp\surefire4184760688984540930\surefirebooter-20241126200753567_3.jar C:\Users\nimo\AppData\Local\Temp\surefire4184760688984540930 2024-11-26T20-07-53_289-jvmRun1 surefire-20241126200753567_1tmp surefire_0-20241126200753567_2tmp"/>
    <property name="jdk.debug" value="release"/>
    <property name="test" value="pl.polsl.integration.model.IntegrationModelTest"/>
    <property name="surefire.test.class.path" value="C:\NetBeansProjects\Integration\target\test-classes;C:\NetBeansProjects\Integration\target\classes;C:\Users\nimo\.m2\repository\org\projectlombok\lombok\1.18.36\lombok-1.18.36.jar;C:\Users\nimo\.m2\repository\org\junit\jupiter\junit-jupiter-api\5.10.2\junit-jupiter-api-5.10.2.jar;C:\Users\nimo\.m2\repository\org\opentest4j\opentest4j\1.3.0\opentest4j-1.3.0.jar;C:\Users\nimo\.m2\repository\org\junit\platform\junit-platform-commons\1.10.2\junit-platform-commons-1.10.2.jar;C:\Users\nimo\.m2\repository\org\apiguardian\apiguardian-api\1.1.2\apiguardian-api-1.1.2.jar;C:\Users\nimo\.m2\repository\org\junit\jupiter\junit-jupiter-params\5.10.2\junit-jupiter-params-5.10.2.jar;C:\Users\nimo\.m2\repository\org\junit\jupiter\junit-jupiter-engine\5.10.2\junit-jupiter-engine-5.10.2.jar;C:\Users\nimo\.m2\repository\org\junit\platform\junit-platform-engine\1.10.2\junit-platform-engine-1.10.2.jar;"/>
    <property name="sun.cpu.endian" value="little"/>
    <property name="user.home" value="C:\Users\nimo"/>
    <property name="user.language" value="en"/>
    <property name="java.specification.vendor" value="Oracle Corporation"/>
    <property name="java.version.date" value="2024-10-15"/>
    <property name="java.home" value="C:\Program Files\Java\jdk-23"/>
    <property name="file.separator" value="\"/>
    <property name="basedir" value="C:\NetBeansProjects\Integration"/>
    <property name="java.vm.compressedOopsMode" value="Zero based"/>
    <property name="line.separator" value="&#10;"/>
    <property name="java.vm.specification.vendor" value="Oracle Corporation"/>
    <property name="java.specification.name" value="Java Platform API Specification"/>
    <property name="surefire.real.class.path" value="C:\Users\nimo\AppData\Local\Temp\surefire4184760688984540930\surefirebooter-20241126200753567_3.jar"/>
    <property name="user.script" value=""/>
    <property name="sun.management.compiler" value="HotSpot 64-Bit Tiered Compilers"/>
    <property name="java.runtime.version" value="23.0.1+11-39"/>
    <property name="user.name" value="nimo"/>
    <property name="stdout.encoding" value="Cp1252"/>
    <property name="path.separator" value=";"/>
    <property name="os.version" value="10.0"/>
    <property name="java.runtime.name" value="Java(TM) SE Runtime Environment"/>
    <property name="file.encoding" value="UTF-8"/>
    <property name="java.vm.name" value="Java HotSpot(TM) 64-Bit Server VM"/>
    <property name="maven.ext.class.path" value="C:\Program Files\NetBeans-22\netbeans\java\maven-nblib\netbeans-eventspy.jar"/>
    <property name="localRepository" value="C:\Users\nimo\.m2\repository"/>
    <property name="java.vendor.url.bug" value="https://bugreport.java.com/bugreport/"/>
    <property name="java.io.tmpdir" value="C:\Users\nimo\AppData\Local\Temp\"/>
    <property name="java.version" value="23.0.1"/>
    <property name="user.dir" value="C:\NetBeansProjects\Integration"/>
    <property name="os.arch" value="amd64"/>
    <property name="java.vm.specification.name" value="Java Virtual Machine Specification"/>
    <property name="sun.os.patch.level" value=""/>
    <property name="native.encoding" value="Cp1252"/>
    <property name="java.library.path" value="C:\Program Files\Java\jdk-23\bin;C:\Windows\Sun\Java\bin;C:\Windows\system32;C:\Windows;C:\Program Files\Common Files\Oracle\Java\javapath;C:\Python312\Scripts\;C:\Python312\;C:\Program Files (x86)\Razer\ChromaBroadcast\bin;C:\Program Files\Razer\ChromaBroadcast\bin;C:\Windows\system32;C:\Windows;C:\Windows\System32\Wbem;C:\Windows\System32\WindowsPowerShell\v1.0\;C:\Windows\System32\OpenSSH\;C:\Windows\system32\config\systemprofile\AppData\Local\Microsoft\WindowsApps;C:\Program Files\dotnet\;C:\Program Files (x86)\Windows Kits\10\Windows Performance Toolkit\;C:\Program Files\Microsoft SQL Server\150\Tools\Binn\;C:\Program Files\Microsoft SQL Server\Client SDK\ODBC\170\Tools\Binn\;C:\Program Files\nodejs\;C:\ProgramData\chocolatey\bin;C:\Program Files\PuTTY\;C:\Program Files\Git\cmd;C:\Users\nimo\AppData\Local\Microsoft\WindowsApps;C:\Users\nimo\AppData\Local\Programs\Microsoft VS Code\bin;C:\Users\nimo\AppData\Local\GitHubDesktop\bin;C:\Users\nimo\.dotnet\tools;C:\Users\nimo\AppData\Roaming\npm;."/>
    <property name="java.vm.info" value="mixed mode, sharing"/>
    <property name="stderr.encoding" value="Cp1252"/>
    <property name="java.vendor" value="Oracle Corporation"/>
    <property name="java.vm.version" value="23.0.1+11-39"/>
    <property name="sun.io.unicode.encoding" value="UnicodeLittle"/>
    <property name="java.class.version" value="67.0"/>
  </properties>
  <testcase name="testCalcualte" classname="pl.polsl.integration.model.IntegrationModelTest" time="0.154">
    <failure message="Result should be 100. ==&gt; expected: &lt;100.0&gt; but was: &lt;102.00999999999989&gt;" type="org.opentest4j.AssertionFailedError"><![CDATA[org.opentest4j.AssertionFailedError: Result should be 100. ==> expected: <100.0> but was: <102.00999999999989>
	at org.junit.jupiter.api.AssertionFailureBuilder.build(AssertionFailureBuilder.java:151)
	at org.junit.jupiter.api.AssertionFailureBuilder.buildAndThrow(AssertionFailureBuilder.java:132)
	at org.junit.jupiter.api.AssertEquals.failNotEqual(AssertEquals.java:197)
	at org.junit.jupiter.api.AssertEquals.assertEquals(AssertEquals.java:86)
	at org.junit.jupiter.api.Assertions.assertEquals(Assertions.java:1024)
	at pl.polsl.integration.model.IntegrationModelTest.testCalcualte(IntegrationModelTest.java:240)
	at java.base/java.lang.reflect.Method.invoke(Method.java:580)
	at java.base/java.util.ArrayList.forEach(ArrayList.java:1597)
	at java.base/java.util.ArrayList.forEach(ArrayList.java:1597)
]]></failure>
  </testcase>
  <testcase name="testFlipBounds" classname="pl.polsl.integration.model.IntegrationModelTest" time="0.006"/>
  <testcase name="testSetModeCorrect(char)[1]" classname="pl.polsl.integration.model.IntegrationModelTest" time="0.057"/>
  <testcase name="testSetModeCorrect(char)[2]" classname="pl.polsl.integration.model.IntegrationModelTest" time="0.004"/>
  <testcase name="testReadArgsCorrect(String, String, Double, Integer, double, double, String)[1]" classname="pl.polsl.integration.model.IntegrationModelTest" time="0.02"/>
  <testcase name="testReadArgsCorrect(String, String, Double, Integer, double, double, String)[2]" classname="pl.polsl.integration.model.IntegrationModelTest" time="0.004"/>
  <testcase name="testReadArgsCorrect(String, String, Double, Integer, double, double, String)[3]" classname="pl.polsl.integration.model.IntegrationModelTest" time="0.004"/>
  <testcase name="testReadArgsCorrect(String, String, Double, Integer, double, double, String)[4]" classname="pl.polsl.integration.model.IntegrationModelTest" time="0.003"/>
  <testcase name="testReadArgsCorrect(String, String, Double, Integer, double, double, String)[5]" classname="pl.polsl.integration.model.IntegrationModelTest" time="0.004"/>
  <testcase name="testSetModeInvalid(char)[1]" classname="pl.polsl.integration.model.IntegrationModelTest" time="0.01"/>
  <testcase name="testSetModeInvalid(char)[2]" classname="pl.polsl.integration.model.IntegrationModelTest" time="0.001"/>
  <testcase name="testSetModeInvalid(char)[3]" classname="pl.polsl.integration.model.IntegrationModelTest" time="0.001"/>
  <testcase name="testSetModeInvalid(char)[4]" classname="pl.polsl.integration.model.IntegrationModelTest" time="0.002"/>
  <testcase name="testReadArgsInvalid(String)[1]" classname="pl.polsl.integration.model.IntegrationModelTest" time="0.003"/>
  <testcase name="testReadArgsInvalid(String)[2]" classname="pl.polsl.integration.model.IntegrationModelTest" time="0.003"/>
  <testcase name="testReadArgsInvalid(String)[3]" classname="pl.polsl.integration.model.IntegrationModelTest" time="0.002"/>
  <testcase name="testReadArgsInvalid(String)[4]" classname="pl.polsl.integration.model.IntegrationModelTest" time="0.002"/>
  <testcase name="testReadArgsInvalid(String)[5]" classname="pl.polsl.integration.model.IntegrationModelTest" time="0.002"/>
  <testcase name="testReadArgsInvalid(String)[6]" classname="pl.polsl.integration.model.IntegrationModelTest" time="0.002"/>
  <testcase name="testReadArgsInvalid(String)[7]" classname="pl.polsl.integration.model.IntegrationModelTest" time="0.003"/>
  <testcase name="testReadArgsInvalid(String)[8]" classname="pl.polsl.integration.model.IntegrationModelTest" time="0.003"/>
  <testcase name="testReadArgsInvalid(String)[9]" classname="pl.polsl.integration.model.IntegrationModelTest" time="0.002"/>
  <testcase name="testReadArgsInvalid(String)[10]" classname="pl.polsl.integration.model.IntegrationModelTest" time="0.002"/>
  <testcase name="testReadArgsInvalid(String)[11]" classname="pl.polsl.integration.model.IntegrationModelTest" time="0.003"/>
  <testcase name="testReadArgsInvalid(String)[12]" classname="pl.polsl.integration.model.IntegrationModelTest" time="0.002"/>
  <testcase name="testReadArgsInvalid(String)[13]" classname="pl.polsl.integration.model.IntegrationModelTest" time="0.002"/>
  <testcase name="testReadArgsInvalid(String)[14]" classname="pl.polsl.integration.model.IntegrationModelTest" time="0.004"/>
  <testcase name="testReadArgsInvalid(String)[15]" classname="pl.polsl.integration.model.IntegrationModelTest" time="0.002"/>
  <testcase name="testReadArgsInvalid(String)[16]" classname="pl.polsl.integration.model.IntegrationModelTest" time="0.001"/>
  <testcase name="testReadArgsInvalid(String)[17]" classname="pl.polsl.integration.model.IntegrationModelTest" time="0.002"/>
  <testcase name="testIsReady" classname="pl.polsl.integration.model.IntegrationModelTest" time="0.004"/>
</testsuite>